# JRE version: OpenJDK Runtime Environment (8.0_242-b01) (build 1.8.0_242-release-1644-b01)
# Java VM: OpenJDK 64-Bit Server VM (25.242-b01 mixed mode windows-amd64 compressed oops)
Heap:
 PSYoungGen      total 425472K, used 223645K [0x00000000d5580000, 0x0000000100000000, 0x0000000100000000)
  eden space 311808K, 35% used [0x00000000d5580000,0x00000000dc1563e8,0x00000000e8600000)
  from space 113664K, 99% used [0x00000000e8600000,0x00000000ef4913a8,0x00000000ef500000)
  to   space 194560K, 0% used [0x00000000f4200000,0x00000000f4200000,0x0000000100000000)
 ParOldGen       total 272384K, used 164975K [0x0000000080000000, 0x0000000090a00000, 0x00000000d5580000)
  object space 272384K, 60% used [0x0000000080000000,0x000000008a11bf00,0x0000000090a00000)
 Metaspace       used 152167K, capacity 160566K, committed 160896K, reserved 1189888K
  class space    used 19483K, capacity 21042K, committed 21168K, reserved 1048576K
GC Heap History (10 events):
Event: 2721.290 GC heap before
{Heap before GC invocations=31 (full 6):
 PSYoungGen      total 493568K, used 493560K [0x00000000d5580000, 0x0000000100000000, 0x0000000100000000)
  eden space 377344K, 100% used [0x00000000d5580000,0x00000000ec600000,0x00000000ec600000)
  from space 116224K, 99% used [0x00000000f8e80000,0x00000000ffffe3d8,0x0000000100000000)
  to   space 160768K, 0% used [0x00000000ec600000,0x00000000ec600000,0x00000000f6300000)
 ParOldGen       total 272384K, used 164935K [0x0000000080000000, 0x0000000090a00000, 0x00000000d5580000)
  object space 272384K, 60% used [0x0000000080000000,0x000000008a111f00,0x0000000090a00000)
 Metaspace       used 148668K, capacity 156100K, committed 156288K, reserved 1185792K
  class space    used 19164K, capacity 20577K, committed 20656K, reserved 1048576K
Event: 2721.402 GC heap after
Heap after GC invocations=31 (full 6):
 PSYoungGen      total 501248K, used 123698K [0x00000000d5580000, 0x0000000100000000, 0x0000000100000000)
  eden space 377344K, 0% used [0x00000000d5580000,0x00000000d5580000,0x00000000ec600000)
  from space 123904K, 99% used [0x00000000ec600000,0x00000000f3ecc950,0x00000000f3f00000)
  to   space 174592K, 0% used [0x00000000f5580000,0x00000000f5580000,0x0000000100000000)
 ParOldGen       total 272384K, used 164943K [0x0000000080000000, 0x0000000090a00000, 0x00000000d5580000)
  object space 272384K, 60% used [0x0000000080000000,0x000000008a113f00,0x0000000090a00000)
 Metaspace       used 148668K, capacity 156100K, committed 156288K, reserved 1185792K
  class space    used 19164K, capacity 20577K, committed 20656K, reserved 1048576K
}
Event: 2819.127 GC heap before
{Heap before GC invocations=32 (full 6):
 PSYoungGen      total 501248K, used 501042K [0x00000000d5580000, 0x0000000100000000, 0x0000000100000000)
  eden space 377344K, 100% used [0x00000000d5580000,0x00000000ec600000,0x00000000ec600000)
  from space 123904K, 99% used [0x00000000ec600000,0x00000000f3ecc950,0x00000000f3f00000)
  to   space 174592K, 0% used [0x00000000f5580000,0x00000000f5580000,0x0000000100000000)
 ParOldGen       total 272384K, used 164943K [0x0000000080000000, 0x0000000090a00000, 0x00000000d5580000)
  object space 272384K, 60% used [0x0000000080000000,0x000000008a113f00,0x0000000090a00000)
 Metaspace       used 150694K, capacity 158232K, committed 158592K, reserved 1187840K
  class space    used 19346K, capacity 20789K, committed 20912K, reserved 1048576K
Event: 2819.222 GC heap after
Heap after GC invocations=32 (full 6):
 PSYoungGen      total 504832K, used 120675K [0x00000000d5580000, 0x0000000100000000, 0x0000000100000000)
  eden space 330240K, 0% used [0x00000000d5580000,0x00000000d5580000,0x00000000e9800000)
  from space 174592K, 69% used [0x00000000f5580000,0x00000000fcb58cd8,0x0000000100000000)
  to   space 184320K, 0% used [0x00000000e9800000,0x00000000e9800000,0x00000000f4c00000)
 ParOldGen       total 272384K, used 164951K [0x0000000080000000, 0x0000000090a00000, 0x00000000d5580000)
  object space 272384K, 60% used [0x0000000080000000,0x000000008a115f00,0x0000000090a00000)
 Metaspace       used 150694K, capacity 158232K, committed 158592K, reserved 1187840K
  class space    used 19346K, capacity 20789K, committed 20912K, reserved 1048576K
}
Event: 2827.542 GC heap before
{Heap before GC invocations=33 (full 6):
 PSYoungGen      total 504832K, used 450915K [0x00000000d5580000, 0x0000000100000000, 0x0000000100000000)
  eden space 330240K, 100% used [0x00000000d5580000,0x00000000e9800000,0x00000000e9800000)
  from space 174592K, 69% used [0x00000000f5580000,0x00000000fcb58cd8,0x0000000100000000)
  to   space 184320K, 0% used [0x00000000e9800000,0x00000000e9800000,0x00000000f4c00000)
 ParOldGen       total 272384K, used 164951K [0x0000000080000000, 0x0000000090a00000, 0x00000000d5580000)
  object space 272384K, 60% used [0x0000000080000000,0x000000008a115f00,0x0000000090a00000)
 Metaspace       used 151331K, capacity 159182K, committed 159488K, reserved 1187840K
  class space    used 19398K, capacity 20890K, committed 21040K, reserved 1048576K
Event: 2827.626 GC heap after
Heap after GC invocations=33 (full 6):
 PSYoungGen      total 452096K, used 121635K [0x00000000d5580000, 0x0000000100000000, 0x0000000100000000)
  eden space 330240K, 0% used [0x00000000d5580000,0x00000000d5580000,0x00000000e9800000)
  from space 121856K, 99% used [0x00000000e9800000,0x00000000f0ec8e40,0x00000000f0f00000)
  to   space 192000K, 0% used [0x00000000f4480000,0x00000000f4480000,0x0000000100000000)
 ParOldGen       total 272384K, used 164959K [0x0000000080000000, 0x0000000090a00000, 0x00000000d5580000)
  object space 272384K, 60% used [0x0000000080000000,0x000000008a117f00,0x0000000090a00000)
 Metaspace       used 151331K, capacity 159182K, committed 159488K, reserved 1187840K
  class space    used 19398K, capacity 20890K, committed 21040K, reserved 1048576K
}
Event: 3098.847 GC heap before
{Heap before GC invocations=34 (full 6):
 PSYoungGen      total 452096K, used 451875K [0x00000000d5580000, 0x0000000100000000, 0x0000000100000000)
  eden space 330240K, 100% used [0x00000000d5580000,0x00000000e9800000,0x00000000e9800000)
  from space 121856K, 99% used [0x00000000e9800000,0x00000000f0ec8e40,0x00000000f0f00000)
  to   space 192000K, 0% used [0x00000000f4480000,0x00000000f4480000,0x0000000100000000)
 ParOldGen       total 272384K, used 164959K [0x0000000080000000, 0x0000000090a00000, 0x00000000d5580000)
  object space 272384K, 60% used [0x0000000080000000,0x000000008a117f00,0x0000000090a00000)
 Metaspace       used 151694K, capacity 159652K, committed 160000K, reserved 1187840K
  class space    used 19422K, capacity 20933K, committed 21040K, reserved 1048576K
Event: 3099.323 GC heap after
Heap after GC invocations=34 (full 6):
 PSYoungGen      total 503808K, used 111181K [0x00000000d5580000, 0x0000000100000000, 0x0000000100000000)
  eden space 311808K, 0% used [0x00000000d5580000,0x00000000d5580000,0x00000000e8600000)
  from space 192000K, 57% used [0x00000000f4480000,0x00000000fb113600,0x0000000100000000)
  to   space 193536K, 0% used [0x00000000e8600000,0x00000000e8600000,0x00000000f4300000)
 ParOldGen       total 272384K, used 164967K [0x0000000080000000, 0x0000000090a00000, 0x00000000d5580000)
  object space 272384K, 60% used [0x0000000080000000,0x000000008a119f00,0x0000000090a00000)
 Metaspace       used 151694K, capacity 159652K, committed 160000K, reserved 1187840K
  class space    used 19422K, capacity 20933K, committed 21040K, reserved 1048576K
}
Event: 3114.337 GC heap before
{Heap before GC invocations=35 (full 6):
 PSYoungGen      total 503808K, used 422989K [0x00000000d5580000, 0x0000000100000000, 0x0000000100000000)
  eden space 311808K, 100% used [0x00000000d5580000,0x00000000e8600000,0x00000000e8600000)
  from space 192000K, 57% used [0x00000000f4480000,0x00000000fb113600,0x0000000100000000)
  to   space 193536K, 0% used [0x00000000e8600000,0x00000000e8600000,0x00000000f4300000)
 ParOldGen       total 272384K, used 164967K [0x0000000080000000, 0x0000000090a00000, 0x00000000d5580000)
  object space 272384K, 60% used [0x0000000080000000,0x000000008a119f00,0x0000000090a00000)
 Metaspace       used 152023K, capacity 160248K, committed 160640K, reserved 1189888K
  class space    used 19466K, capacity 21011K, committed 21168K, reserved 1048576K
Event: 3114.737 GC heap after
Heap after GC invocations=35 (full 6):
 PSYoungGen      total 425472K, used 113220K [0x00000000d5580000, 0x0000000100000000, 0x0000000100000000)
  eden space 311808K, 0% used [0x00000000d5580000,0x00000000d5580000,0x00000000e8600000)
  from space 113664K, 99% used [0x00000000e8600000,0x00000000ef4913a8,0x00000000ef500000)
  to   space 194560K, 0% used [0x00000000f4200000,0x00000000f4200000,0x0000000100000000)
 ParOldGen       total 272384K, used 164975K [0x0000000080000000, 0x0000000090a00000, 0x00000000d5580000)
  object space 272384K, 60% used [0x0000000080000000,0x000000008a11bf00,0x0000000090a00000)
 Metaspace       used 152023K, capacity 160248K, committed 160640K, reserved 1189888K
  class space    used 19466K, capacity 21011K, committed 21168K, reserved 1048576K
}

