# JRE version: OpenJDK Runtime Environment (8.0_242-b01) (build 1.8.0_242-release-1644-b01)
# Java VM: OpenJDK 64-Bit Server VM (25.242-b01 mixed mode windows-amd64 compressed oops)
Heap:
 PSYoungGen      total 556544K, used 395524K [0x00000000d5580000, 0x0000000100000000, 0x0000000100000000)
  eden space 463872K, 71% used [0x00000000d5580000,0x00000000e9aacd88,0x00000000f1a80000)
  from space 92672K, 67% used [0x00000000f1a80000,0x00000000f5794488,0x00000000f7500000)
  to   space 98304K, 0% used [0x00000000fa000000,0x00000000fa000000,0x0000000100000000)
 ParOldGen       total 348160K, used 213781K [0x0000000080000000, 0x0000000095400000, 0x00000000d5580000)
  object space 348160K, 61% used [0x0000000080000000,0x000000008d0c54f0,0x0000000095400000)
 Metaspace       used 97024K, capacity 102116K, committed 102424K, reserved 1138688K
  class space    used 12610K, capacity 13516K, committed 13616K, reserved 1048576K
GC Heap History (10 events):
Event: 21.161 GC heap before
{Heap before GC invocations=20 (full 4):
 PSYoungGen      total 368128K, used 342528K [0x00000000d5580000, 0x00000000f4500000, 0x0000000100000000)
  eden space 342528K, 100% used [0x00000000d5580000,0x00000000ea400000,0x00000000ea400000)
  from space 25600K, 0% used [0x00000000ea400000,0x00000000ea400000,0x00000000ebd00000)
  to   space 37888K, 0% used [0x00000000f2000000,0x00000000f2000000,0x00000000f4500000)
 ParOldGen       total 180224K, used 88065K [0x0000000080000000, 0x000000008b000000, 0x00000000d5580000)
  object space 180224K, 48% used [0x0000000080000000,0x00000000856006d8,0x000000008b000000)
 Metaspace       used 82893K, capacity 87302K, committed 87320K, reserved 1124352K
  class space    used 11260K, capacity 12066K, committed 12080K, reserved 1048576K
Event: 21.373 GC heap after
Heap after GC invocations=20 (full 4):
 PSYoungGen      total 451072K, used 37873K [0x00000000d5580000, 0x00000000f7900000, 0x0000000100000000)
  eden space 413184K, 0% used [0x00000000d5580000,0x00000000d5580000,0x00000000ee900000)
  from space 37888K, 99% used [0x00000000f2000000,0x00000000f44fc508,0x00000000f4500000)
  to   space 56320K, 0% used [0x00000000ee900000,0x00000000ee900000,0x00000000f2000000)
 ParOldGen       total 180224K, used 120094K [0x0000000080000000, 0x000000008b000000, 0x00000000d5580000)
  object space 180224K, 66% used [0x0000000080000000,0x00000000875479f8,0x000000008b000000)
 Metaspace       used 82893K, capacity 87302K, committed 87320K, reserved 1124352K
  class space    used 11260K, capacity 12066K, committed 12080K, reserved 1048576K
}
Event: 25.401 GC heap before
{Heap before GC invocations=21 (full 4):
 PSYoungGen      total 451072K, used 451057K [0x00000000d5580000, 0x00000000f7900000, 0x0000000100000000)
  eden space 413184K, 100% used [0x00000000d5580000,0x00000000ee900000,0x00000000ee900000)
  from space 37888K, 99% used [0x00000000f2000000,0x00000000f44fc508,0x00000000f4500000)
  to   space 56320K, 0% used [0x00000000ee900000,0x00000000ee900000,0x00000000f2000000)
 ParOldGen       total 180224K, used 120094K [0x0000000080000000, 0x000000008b000000, 0x00000000d5580000)
  object space 180224K, 66% used [0x0000000080000000,0x00000000875479f8,0x000000008b000000)
 Metaspace       used 83214K, capacity 87598K, committed 87832K, reserved 1124352K
  class space    used 11268K, capacity 12070K, committed 12080K, reserved 1048576K
Event: 25.975 GC heap after
Heap after GC invocations=21 (full 4):
 PSYoungGen      total 469504K, used 56316K [0x00000000d5580000, 0x0000000100000000, 0x0000000100000000)
  eden space 413184K, 0% used [0x00000000d5580000,0x00000000d5580000,0x00000000ee900000)
  from space 56320K, 99% used [0x00000000ee900000,0x00000000f1fff2d0,0x00000000f2000000)
  to   space 97280K, 0% used [0x00000000fa100000,0x00000000fa100000,0x0000000100000000)
 ParOldGen       total 204288K, used 203790K [0x0000000080000000, 0x000000008c780000, 0x00000000d5580000)
  object space 204288K, 99% used [0x0000000080000000,0x000000008c703b48,0x000000008c780000)
 Metaspace       used 83214K, capacity 87598K, committed 87832K, reserved 1124352K
  class space    used 11268K, capacity 12070K, committed 12080K, reserved 1048576K
}
Event: 25.975 GC heap before
{Heap before GC invocations=22 (full 5):
 PSYoungGen      total 469504K, used 56316K [0x00000000d5580000, 0x0000000100000000, 0x0000000100000000)
  eden space 413184K, 0% used [0x00000000d5580000,0x00000000d5580000,0x00000000ee900000)
  from space 56320K, 99% used [0x00000000ee900000,0x00000000f1fff2d0,0x00000000f2000000)
  to   space 97280K, 0% used [0x00000000fa100000,0x00000000fa100000,0x0000000100000000)
 ParOldGen       total 204288K, used 203790K [0x0000000080000000, 0x000000008c780000, 0x00000000d5580000)
  object space 204288K, 99% used [0x0000000080000000,0x000000008c703b48,0x000000008c780000)
 Metaspace       used 83214K, capacity 87598K, committed 87832K, reserved 1124352K
  class space    used 11268K, capacity 12070K, committed 12080K, reserved 1048576K
Event: 29.426 GC heap after
Heap after GC invocations=22 (full 5):
 PSYoungGen      total 469504K, used 5042K [0x00000000d5580000, 0x0000000100000000, 0x0000000100000000)
  eden space 413184K, 0% used [0x00000000d5580000,0x00000000d5580000,0x00000000ee900000)
  from space 56320K, 8% used [0x00000000ee900000,0x00000000eedec8c0,0x00000000f2000000)
  to   space 97280K, 0% used [0x00000000fa100000,0x00000000fa100000,0x0000000100000000)
 ParOldGen       total 348160K, used 203900K [0x0000000080000000, 0x0000000095400000, 0x00000000d5580000)
  object space 348160K, 58% used [0x0000000080000000,0x000000008c71f300,0x0000000095400000)
 Metaspace       used 83172K, capacity 87490K, committed 87832K, reserved 1124352K
  class space    used 11253K, capacity 12042K, committed 12080K, reserved 1048576K
}
Event: 61.021 GC heap before
{Heap before GC invocations=23 (full 5):
 PSYoungGen      total 469504K, used 418226K [0x00000000d5580000, 0x0000000100000000, 0x0000000100000000)
  eden space 413184K, 100% used [0x00000000d5580000,0x00000000ee900000,0x00000000ee900000)
  from space 56320K, 8% used [0x00000000ee900000,0x00000000eedec8c0,0x00000000f2000000)
  to   space 97280K, 0% used [0x00000000fa100000,0x00000000fa100000,0x0000000100000000)
 ParOldGen       total 348160K, used 203900K [0x0000000080000000, 0x0000000095400000, 0x00000000d5580000)
  object space 348160K, 58% used [0x0000000080000000,0x000000008c71f300,0x0000000095400000)
 Metaspace       used 87161K, capacity 91700K, committed 92056K, reserved 1128448K
  class space    used 11526K, capacity 12339K, committed 12464K, reserved 1048576K
Event: 61.071 GC heap after
Heap after GC invocations=23 (full 5):
 PSYoungGen      total 511488K, used 20533K [0x00000000d5580000, 0x00000000fcf80000, 0x0000000100000000)
  eden space 463872K, 0% used [0x00000000d5580000,0x00000000d5580000,0x00000000f1a80000)
  from space 47616K, 43% used [0x00000000fa100000,0x00000000fb50d5e0,0x00000000fcf80000)
  to   space 92672K, 0% used [0x00000000f1a80000,0x00000000f1a80000,0x00000000f7500000)
 ParOldGen       total 348160K, used 209006K [0x0000000080000000, 0x0000000095400000, 0x00000000d5580000)
  object space 348160K, 60% used [0x0000000080000000,0x000000008cc1bb78,0x0000000095400000)
 Metaspace       used 87161K, capacity 91700K, committed 92056K, reserved 1128448K
  class space    used 11526K, capacity 12339K, committed 12464K, reserved 1048576K
}
Event: 71.877 GC heap before
{Heap before GC invocations=24 (full 5):
 PSYoungGen      total 511488K, used 482502K [0x00000000d5580000, 0x00000000fcf80000, 0x0000000100000000)
  eden space 463872K, 99% used [0x00000000d5580000,0x00000000f18a44a8,0x00000000f1a80000)
  from space 47616K, 43% used [0x00000000fa100000,0x00000000fb50d5e0,0x00000000fcf80000)
  to   space 92672K, 0% used [0x00000000f1a80000,0x00000000f1a80000,0x00000000f7500000)
 ParOldGen       total 348160K, used 213765K [0x0000000080000000, 0x0000000095400000, 0x00000000d5580000)
  object space 348160K, 61% used [0x0000000080000000,0x000000008d0c14f0,0x0000000095400000)
 Metaspace       used 96087K, capacity 100982K, committed 101272K, reserved 1136640K
  class space    used 12534K, capacity 13431K, committed 13488K, reserved 1048576K
Event: 71.930 GC heap after
Heap after GC invocations=24 (full 5):
 PSYoungGen      total 556544K, used 62545K [0x00000000d5580000, 0x0000000100000000, 0x0000000100000000)
  eden space 463872K, 0% used [0x00000000d5580000,0x00000000d5580000,0x00000000f1a80000)
  from space 92672K, 67% used [0x00000000f1a80000,0x00000000f5794488,0x00000000f7500000)
  to   space 98304K, 0% used [0x00000000fa000000,0x00000000fa000000,0x0000000100000000)
 ParOldGen       total 348160K, used 213781K [0x0000000080000000, 0x0000000095400000, 0x00000000d5580000)
  object space 348160K, 61% used [0x0000000080000000,0x000000008d0c54f0,0x0000000095400000)
 Metaspace       used 96087K, capacity 100982K, committed 101272K, reserved 1136640K
  class space    used 12534K, capacity 13431K, committed 13488K, reserved 1048576K
}

