# JRE version: OpenJDK Runtime Environment (8.0_242-b01) (build 1.8.0_242-release-1644-b01)
# Java VM: OpenJDK 64-Bit Server VM (25.242-b01 mixed mode windows-amd64 compressed oops)
Heap:
 PSYoungGen      total 489472K, used 437279K [0x00000000d5580000, 0x00000000f8e00000, 0x0000000100000000)
  eden space 419328K, 95% used [0x00000000d5580000,0x00000000edb61b18,0x00000000eef00000)
  from space 70144K, 54% used [0x00000000f4980000,0x00000000f6ea62f0,0x00000000f8e00000)
  to   space 81408K, 0% used [0x00000000eef00000,0x00000000eef00000,0x00000000f3e80000)
 ParOldGen       total 392192K, used 219045K [0x0000000080000000, 0x0000000097f00000, 0x00000000d5580000)
  object space 392192K, 55% used [0x0000000080000000,0x000000008d5e9428,0x0000000097f00000)
 Metaspace       used 94159K, capacity 98958K, committed 99624K, reserved 1136640K
  class space    used 12176K, capacity 13051K, committed 13360K, reserved 1048576K
GC Heap History (10 events):
Event: 27.543 GC heap before
{Heap before GC invocations=21 (full 4):
 PSYoungGen      total 345600K, used 337678K [0x00000000d5580000, 0x00000000f2a80000, 0x0000000100000000)
  eden space 314368K, 100% used [0x00000000d5580000,0x00000000e8880000,0x00000000e8880000)
  from space 31232K, 74% used [0x00000000ec380000,0x00000000eda43bf0,0x00000000ee200000)
  to   space 60416K, 0% used [0x00000000e8880000,0x00000000e8880000,0x00000000ec380000)
 ParOldGen       total 252416K, used 127634K [0x0000000080000000, 0x000000008f680000, 0x00000000d5580000)
  object space 252416K, 50% used [0x0000000080000000,0x0000000087ca4928,0x000000008f680000)
 Metaspace       used 87241K, capacity 91558K, committed 93608K, reserved 1130496K
  class space    used 11670K, capacity 12477K, committed 12976K, reserved 1048576K
Event: 27.640 GC heap after
Heap after GC invocations=21 (full 4):
 PSYoungGen      total 374784K, used 60407K [0x00000000d5580000, 0x00000000f7500000, 0x0000000100000000)
  eden space 314368K, 0% used [0x00000000d5580000,0x00000000d5580000,0x00000000e8880000)
  from space 60416K, 99% used [0x00000000e8880000,0x00000000ec37de10,0x00000000ec380000)
  to   space 90624K, 0% used [0x00000000f1c80000,0x00000000f1c80000,0x00000000f7500000)
 ParOldGen       total 252416K, used 180819K [0x0000000080000000, 0x000000008f680000, 0x00000000d5580000)
  object space 252416K, 71% used [0x0000000080000000,0x000000008b094c88,0x000000008f680000)
 Metaspace       used 87241K, capacity 91558K, committed 93608K, reserved 1130496K
  class space    used 11670K, capacity 12477K, committed 12976K, reserved 1048576K
}
Event: 28.535 GC heap before
{Heap before GC invocations=22 (full 4):
 PSYoungGen      total 374784K, used 374775K [0x00000000d5580000, 0x00000000f7500000, 0x0000000100000000)
  eden space 314368K, 100% used [0x00000000d5580000,0x00000000e8880000,0x00000000e8880000)
  from space 60416K, 99% used [0x00000000e8880000,0x00000000ec37de10,0x00000000ec380000)
  to   space 90624K, 0% used [0x00000000f1c80000,0x00000000f1c80000,0x00000000f7500000)
 ParOldGen       total 252416K, used 180819K [0x0000000080000000, 0x000000008f680000, 0x00000000d5580000)
  object space 252416K, 71% used [0x0000000080000000,0x000000008b094c88,0x000000008f680000)
 Metaspace       used 88016K, capacity 92350K, committed 94120K, reserved 1130496K
  class space    used 11707K, capacity 12515K, committed 12976K, reserved 1048576K
Event: 28.606 GC heap after
Heap after GC invocations=22 (full 4):
 PSYoungGen      total 467968K, used 26660K [0x00000000d5580000, 0x00000000f7180000, 0x0000000100000000)
  eden space 380928K, 0% used [0x00000000d5580000,0x00000000d5580000,0x00000000ec980000)
  from space 87040K, 30% used [0x00000000f1c80000,0x00000000f3689058,0x00000000f7180000)
  to   space 84992K, 0% used [0x00000000ec980000,0x00000000ec980000,0x00000000f1c80000)
 ParOldGen       total 252416K, used 240494K [0x0000000080000000, 0x000000008f680000, 0x00000000d5580000)
  object space 252416K, 95% used [0x0000000080000000,0x000000008eadbb70,0x000000008f680000)
 Metaspace       used 88016K, capacity 92350K, committed 94120K, reserved 1130496K
  class space    used 11707K, capacity 12515K, committed 12976K, reserved 1048576K
}
Event: 28.606 GC heap before
{Heap before GC invocations=23 (full 5):
 PSYoungGen      total 467968K, used 26660K [0x00000000d5580000, 0x00000000f7180000, 0x0000000100000000)
  eden space 380928K, 0% used [0x00000000d5580000,0x00000000d5580000,0x00000000ec980000)
  from space 87040K, 30% used [0x00000000f1c80000,0x00000000f3689058,0x00000000f7180000)
  to   space 84992K, 0% used [0x00000000ec980000,0x00000000ec980000,0x00000000f1c80000)
 ParOldGen       total 252416K, used 240494K [0x0000000080000000, 0x000000008f680000, 0x00000000d5580000)
  object space 252416K, 95% used [0x0000000080000000,0x000000008eadbb70,0x000000008f680000)
 Metaspace       used 88016K, capacity 92350K, committed 94120K, reserved 1130496K
  class space    used 11707K, capacity 12515K, committed 12976K, reserved 1048576K
Event: 29.147 GC heap after
Heap after GC invocations=23 (full 5):
 PSYoungGen      total 467968K, used 0K [0x00000000d5580000, 0x00000000f7180000, 0x0000000100000000)
  eden space 380928K, 0% used [0x00000000d5580000,0x00000000d5580000,0x00000000ec980000)
  from space 87040K, 0% used [0x00000000f1c80000,0x00000000f1c80000,0x00000000f7180000)
  to   space 84992K, 0% used [0x00000000ec980000,0x00000000ec980000,0x00000000f1c80000)
 ParOldGen       total 392192K, used 219037K [0x0000000080000000, 0x0000000097f00000, 0x00000000d5580000)
  object space 392192K, 55% used [0x0000000080000000,0x000000008d5e7428,0x0000000097f00000)
 Metaspace       used 88008K, capacity 92328K, committed 94120K, reserved 1130496K
  class space    used 11704K, capacity 12510K, committed 12976K, reserved 1048576K
}
Event: 30.311 GC heap before
{Heap before GC invocations=24 (full 5):
 PSYoungGen      total 467968K, used 380563K [0x00000000d5580000, 0x00000000f7180000, 0x0000000100000000)
  eden space 380928K, 99% used [0x00000000d5580000,0x00000000ec924d68,0x00000000ec980000)
  from space 87040K, 0% used [0x00000000f1c80000,0x00000000f1c80000,0x00000000f7180000)
  to   space 84992K, 0% used [0x00000000ec980000,0x00000000ec980000,0x00000000f1c80000)
 ParOldGen       total 392192K, used 219037K [0x0000000080000000, 0x0000000097f00000, 0x00000000d5580000)
  object space 392192K, 55% used [0x0000000080000000,0x000000008d5e7428,0x0000000097f00000)
 Metaspace       used 88069K, capacity 92402K, committed 94120K, reserved 1130496K
  class space    used 11706K, capacity 12511K, committed 12976K, reserved 1048576K
Event: 30.327 GC heap after
Heap after GC invocations=24 (full 5):
 PSYoungGen      total 465920K, used 41984K [0x00000000d5580000, 0x00000000f9b80000, 0x0000000100000000)
  eden space 380928K, 0% used [0x00000000d5580000,0x00000000d5580000,0x00000000ec980000)
  from space 84992K, 49% used [0x00000000ec980000,0x00000000ef2803a0,0x00000000f1c80000)
  to   space 83968K, 0% used [0x00000000f4980000,0x00000000f4980000,0x00000000f9b80000)
 ParOldGen       total 392192K, used 219037K [0x0000000080000000, 0x0000000097f00000, 0x00000000d5580000)
  object space 392192K, 55% used [0x0000000080000000,0x000000008d5e7428,0x0000000097f00000)
 Metaspace       used 88069K, capacity 92402K, committed 94120K, reserved 1130496K
  class space    used 11706K, capacity 12511K, committed 12976K, reserved 1048576K
}
Event: 683.341 GC heap before
{Heap before GC invocations=25 (full 5):
 PSYoungGen      total 465920K, used 422912K [0x00000000d5580000, 0x00000000f9b80000, 0x0000000100000000)
  eden space 380928K, 100% used [0x00000000d5580000,0x00000000ec980000,0x00000000ec980000)
  from space 84992K, 49% used [0x00000000ec980000,0x00000000ef2803a0,0x00000000f1c80000)
  to   space 83968K, 0% used [0x00000000f4980000,0x00000000f4980000,0x00000000f9b80000)
 ParOldGen       total 392192K, used 219037K [0x0000000080000000, 0x0000000097f00000, 0x00000000d5580000)
  object space 392192K, 55% used [0x0000000080000000,0x000000008d5e7428,0x0000000097f00000)
 Metaspace       used 93123K, capacity 97614K, committed 98856K, reserved 1134592K
  class space    used 12104K, capacity 12923K, committed 13360K, reserved 1048576K
Event: 683.545 GC heap after
Heap after GC invocations=25 (full 5):
 PSYoungGen      total 489472K, used 38040K [0x00000000d5580000, 0x00000000f8e00000, 0x0000000100000000)
  eden space 419328K, 0% used [0x00000000d5580000,0x00000000d5580000,0x00000000eef00000)
  from space 70144K, 54% used [0x00000000f4980000,0x00000000f6ea62f0,0x00000000f8e00000)
  to   space 81408K, 0% used [0x00000000eef00000,0x00000000eef00000,0x00000000f3e80000)
 ParOldGen       total 392192K, used 219045K [0x0000000080000000, 0x0000000097f00000, 0x00000000d5580000)
  object space 392192K, 55% used [0x0000000080000000,0x000000008d5e9428,0x0000000097f00000)
 Metaspace       used 93123K, capacity 97614K, committed 98856K, reserved 1134592K
  class space    used 12104K, capacity 12923K, committed 13360K, reserved 1048576K
}

