# JRE version: OpenJDK Runtime Environment (8.0_242-b01) (build 1.8.0_242-release-1644-b01)
# Java VM: OpenJDK 64-Bit Server VM (25.242-b01 mixed mode windows-amd64 compressed oops)
Heap:
 PSYoungGen      total 416256K, used 335609K [0x00000000d5580000, 0x00000000f1680000, 0x0000000100000000)
  eden space 381952K, 80% used [0x00000000d5580000,0x00000000e81b7de8,0x00000000eca80000)
  from space 34304K, 82% used [0x00000000ef500000,0x00000000f10866f8,0x00000000f1680000)
  to   space 38912K, 0% used [0x00000000eca80000,0x00000000eca80000,0x00000000ef080000)
 ParOldGen       total 163328K, used 62308K [0x0000000080000000, 0x0000000089f80000, 0x00000000d5580000)
  object space 163328K, 38% used [0x0000000080000000,0x0000000083cd9388,0x0000000089f80000)
 Metaspace       used 106020K, capacity 111762K, committed 112792K, reserved 1146880K
  class space    used 13969K, capacity 15091K, committed 15536K, reserved 1048576K
GC Heap History (10 events):
Event: 43.866 GC heap before
{Heap before GC invocations=18 (full 3):
 PSYoungGen      total 322048K, used 322022K [0x00000000d5580000, 0x00000000eae80000, 0x0000000100000000)
  eden space 299008K, 100% used [0x00000000d5580000,0x00000000e7980000,0x00000000e7980000)
  from space 23040K, 99% used [0x00000000e9700000,0x00000000ead799e0,0x00000000ead80000)
  to   space 27136K, 0% used [0x00000000e7980000,0x00000000e7980000,0x00000000e9400000)
 ParOldGen       total 104448K, used 32568K [0x0000000080000000, 0x0000000086600000, 0x00000000d5580000)
  object space 104448K, 31% used [0x0000000080000000,0x0000000081fce020,0x0000000086600000)
 Metaspace       used 82083K, capacity 86412K, committed 86552K, reserved 1124352K
  class space    used 10917K, capacity 11702K, committed 11824K, reserved 1048576K
Event: 43.905 GC heap after
Heap after GC invocations=18 (full 3):
 PSYoungGen      total 326144K, used 26684K [0x00000000d5580000, 0x00000000ef300000, 0x0000000100000000)
  eden space 299008K, 0% used [0x00000000d5580000,0x00000000d5580000,0x00000000e7980000)
  from space 27136K, 98% used [0x00000000e7980000,0x00000000e938f398,0x00000000e9400000)
  to   space 31232K, 0% used [0x00000000ed480000,0x00000000ed480000,0x00000000ef300000)
 ParOldGen       total 104448K, used 53472K [0x0000000080000000, 0x0000000086600000, 0x00000000d5580000)
  object space 104448K, 51% used [0x0000000080000000,0x0000000083438258,0x0000000086600000)
 Metaspace       used 82083K, capacity 86412K, committed 86552K, reserved 1124352K
  class space    used 10917K, capacity 11702K, committed 11824K, reserved 1048576K
}
Event: 290.029 GC heap before
{Heap before GC invocations=19 (full 3):
 PSYoungGen      total 326144K, used 193017K [0x00000000d5580000, 0x00000000ef300000, 0x0000000100000000)
  eden space 299008K, 55% used [0x00000000d5580000,0x00000000df7ef150,0x00000000e7980000)
  from space 27136K, 98% used [0x00000000e7980000,0x00000000e938f398,0x00000000e9400000)
  to   space 31232K, 0% used [0x00000000ed480000,0x00000000ed480000,0x00000000ef300000)
 ParOldGen       total 104448K, used 53472K [0x0000000080000000, 0x0000000086600000, 0x00000000d5580000)
  object space 104448K, 51% used [0x0000000080000000,0x0000000083438258,0x0000000086600000)
 Metaspace       used 92214K, capacity 98468K, committed 98584K, reserved 1134592K
  class space    used 12573K, capacity 13786K, committed 13872K, reserved 1048576K
Event: 290.052 GC heap after
Heap after GC invocations=19 (full 3):
 PSYoungGen      total 372736K, used 22103K [0x00000000d5580000, 0x00000000eeb00000, 0x0000000100000000)
  eden space 349696K, 0% used [0x00000000d5580000,0x00000000d5580000,0x00000000eab00000)
  from space 23040K, 95% used [0x00000000ed480000,0x00000000eea15f50,0x00000000eeb00000)
  to   space 32768K, 0% used [0x00000000eab00000,0x00000000eab00000,0x00000000ecb00000)
 ParOldGen       total 104448K, used 53480K [0x0000000080000000, 0x0000000086600000, 0x00000000d5580000)
  object space 104448K, 51% used [0x0000000080000000,0x000000008343a258,0x0000000086600000)
 Metaspace       used 92214K, capacity 98468K, committed 98584K, reserved 1134592K
  class space    used 12573K, capacity 13786K, committed 13872K, reserved 1048576K
}
Event: 290.052 GC heap before
{Heap before GC invocations=20 (full 4):
 PSYoungGen      total 372736K, used 22103K [0x00000000d5580000, 0x00000000eeb00000, 0x0000000100000000)
  eden space 349696K, 0% used [0x00000000d5580000,0x00000000d5580000,0x00000000eab00000)
  from space 23040K, 95% used [0x00000000ed480000,0x00000000eea15f50,0x00000000eeb00000)
  to   space 32768K, 0% used [0x00000000eab00000,0x00000000eab00000,0x00000000ecb00000)
 ParOldGen       total 104448K, used 53480K [0x0000000080000000, 0x0000000086600000, 0x00000000d5580000)
  object space 104448K, 51% used [0x0000000080000000,0x000000008343a258,0x0000000086600000)
 Metaspace       used 92214K, capacity 98468K, committed 98584K, reserved 1134592K
  class space    used 12573K, capacity 13786K, committed 13872K, reserved 1048576K
Event: 290.332 GC heap after
Heap after GC invocations=20 (full 4):
 PSYoungGen      total 372736K, used 0K [0x00000000d5580000, 0x00000000eeb00000, 0x0000000100000000)
  eden space 349696K, 0% used [0x00000000d5580000,0x00000000d5580000,0x00000000eab00000)
  from space 23040K, 0% used [0x00000000ed480000,0x00000000ed480000,0x00000000eeb00000)
  to   space 32768K, 0% used [0x00000000eab00000,0x00000000eab00000,0x00000000ecb00000)
 ParOldGen       total 163328K, used 62292K [0x0000000080000000, 0x0000000089f80000, 0x00000000d5580000)
  object space 163328K, 38% used [0x0000000080000000,0x0000000083cd5388,0x0000000089f80000)
 Metaspace       used 91119K, capacity 95744K, committed 98584K, reserved 1134592K
  class space    used 12189K, capacity 13104K, committed 13872K, reserved 1048576K
}
Event: 383.550 GC heap before
{Heap before GC invocations=21 (full 4):
 PSYoungGen      total 372736K, used 349696K [0x00000000d5580000, 0x00000000eeb00000, 0x0000000100000000)
  eden space 349696K, 100% used [0x00000000d5580000,0x00000000eab00000,0x00000000eab00000)
  from space 23040K, 0% used [0x00000000ed480000,0x00000000ed480000,0x00000000eeb00000)
  to   space 32768K, 0% used [0x00000000eab00000,0x00000000eab00000,0x00000000ecb00000)
 ParOldGen       total 163328K, used 62292K [0x0000000080000000, 0x0000000089f80000, 0x00000000d5580000)
  object space 163328K, 38% used [0x0000000080000000,0x0000000083cd5388,0x0000000089f80000)
 Metaspace       used 104597K, capacity 109976K, committed 111512K, reserved 1144832K
  class space    used 13927K, capacity 15018K, committed 15536K, reserved 1048576K
Event: 383.569 GC heap after
Heap after GC invocations=21 (full 4):
 PSYoungGen      total 382464K, used 27425K [0x00000000d5580000, 0x00000000f1800000, 0x0000000100000000)
  eden space 349696K, 0% used [0x00000000d5580000,0x00000000d5580000,0x00000000eab00000)
  from space 32768K, 83% used [0x00000000eab00000,0x00000000ec5c8610,0x00000000ecb00000)
  to   space 35840K, 0% used [0x00000000ef500000,0x00000000ef500000,0x00000000f1800000)
 ParOldGen       total 163328K, used 62300K [0x0000000080000000, 0x0000000089f80000, 0x00000000d5580000)
  object space 163328K, 38% used [0x0000000080000000,0x0000000083cd7388,0x0000000089f80000)
 Metaspace       used 104597K, capacity 109976K, committed 111512K, reserved 1144832K
  class space    used 13927K, capacity 15018K, committed 15536K, reserved 1048576K
}
Event: 1276.593 GC heap before
{Heap before GC invocations=22 (full 4):
 PSYoungGen      total 382464K, used 377121K [0x00000000d5580000, 0x00000000f1800000, 0x0000000100000000)
  eden space 349696K, 100% used [0x00000000d5580000,0x00000000eab00000,0x00000000eab00000)
  from space 32768K, 83% used [0x00000000eab00000,0x00000000ec5c8610,0x00000000ecb00000)
  to   space 35840K, 0% used [0x00000000ef500000,0x00000000ef500000,0x00000000f1800000)
 ParOldGen       total 163328K, used 62300K [0x0000000080000000, 0x0000000089f80000, 0x00000000d5580000)
  object space 163328K, 38% used [0x0000000080000000,0x0000000083cd7388,0x0000000089f80000)
 Metaspace       used 105202K, capacity 110696K, committed 112024K, reserved 1146880K
  class space    used 13944K, capacity 15048K, committed 15536K, reserved 1048576K
Event: 1276.663 GC heap after
Heap after GC invocations=22 (full 4):
 PSYoungGen      total 416256K, used 28185K [0x00000000d5580000, 0x00000000f1680000, 0x0000000100000000)
  eden space 381952K, 0% used [0x00000000d5580000,0x00000000d5580000,0x00000000eca80000)
  from space 34304K, 82% used [0x00000000ef500000,0x00000000f10866f8,0x00000000f1680000)
  to   space 38912K, 0% used [0x00000000eca80000,0x00000000eca80000,0x00000000ef080000)
 ParOldGen       total 163328K, used 62308K [0x0000000080000000, 0x0000000089f80000, 0x00000000d5580000)
  object space 163328K, 38% used [0x0000000080000000,0x0000000083cd9388,0x0000000089f80000)
 Metaspace       used 105202K, capacity 110696K, committed 112024K, reserved 1146880K
  class space    used 13944K, capacity 15048K, committed 15536K, reserved 1048576K
}

