# JRE version: OpenJDK Runtime Environment (8.0_242-b01) (build 1.8.0_242-release-1644-b01)
# Java VM: OpenJDK 64-Bit Server VM (25.242-b01 mixed mode windows-amd64 compressed oops)
Heap:
 PSYoungGen      total 523264K, used 70202K [0x00000000d5580000, 0x00000000fc480000, 0x0000000100000000)
  eden space 488448K, 14% used [0x00000000d5580000,0x00000000d9a0e938,0x00000000f3280000)
  from space 34816K, 0% used [0x00000000f3280000,0x00000000f3280000,0x00000000f5480000)
  to   space 67072K, 0% used [0x00000000f8300000,0x00000000f8300000,0x00000000fc480000)
 ParOldGen       total 293376K, used 158641K [0x0000000080000000, 0x0000000091e80000, 0x00000000d5580000)
  object space 293376K, 54% used [0x0000000080000000,0x0000000089aec4c0,0x0000000091e80000)
 Metaspace       used 100865K, capacity 108792K, committed 109720K, reserved 1144832K
  class space    used 12789K, capacity 14026K, committed 14256K, reserved 1048576K
GC Heap History (10 events):
Event: 10135.675 GC heap before
{Heap before GC invocations=38 (full 4):
 PSYoungGen      total 567296K, used 545088K [0x00000000d5580000, 0x00000000fa500000, 0x0000000100000000)
  eden space 530432K, 100% used [0x00000000d5580000,0x00000000f5b80000,0x00000000f5b80000)
  from space 36864K, 39% used [0x00000000f5b80000,0x00000000f69d01b8,0x00000000f7f80000)
  to   space 35840K, 0% used [0x00000000f8200000,0x00000000f8200000,0x00000000fa500000)
 ParOldGen       total 169472K, used 74853K [0x0000000080000000, 0x000000008a580000, 0x00000000d5580000)
  object space 169472K, 44% used [0x0000000080000000,0x00000000849196c0,0x000000008a580000)
 Metaspace       used 100908K, capacity 109042K, committed 109208K, reserved 1144832K
  class space    used 12846K, capacity 14147K, committed 14256K, reserved 1048576K
Event: 10135.686 GC heap after
Heap after GC invocations=38 (full 4):
 PSYoungGen      total 566784K, used 16343K [0x00000000d5580000, 0x00000000fa280000, 0x0000000100000000)
  eden space 533504K, 0% used [0x00000000d5580000,0x00000000d5580000,0x00000000f5e80000)
  from space 33280K, 49% used [0x00000000f8200000,0x00000000f91f5e40,0x00000000fa280000)
  to   space 34816K, 0% used [0x00000000f5e80000,0x00000000f5e80000,0x00000000f8080000)
 ParOldGen       total 169472K, used 75213K [0x0000000080000000, 0x000000008a580000, 0x00000000d5580000)
  object space 169472K, 44% used [0x0000000080000000,0x00000000849736e0,0x000000008a580000)
 Metaspace       used 100908K, capacity 109042K, committed 109208K, reserved 1144832K
  class space    used 12846K, capacity 14147K, committed 14256K, reserved 1048576K
}
Event: 10337.153 GC heap before
{Heap before GC invocations=39 (full 4):
 PSYoungGen      total 566784K, used 549847K [0x00000000d5580000, 0x00000000fa280000, 0x0000000100000000)
  eden space 533504K, 100% used [0x00000000d5580000,0x00000000f5e80000,0x00000000f5e80000)
  from space 33280K, 49% used [0x00000000f8200000,0x00000000f91f5e40,0x00000000fa280000)
  to   space 34816K, 0% used [0x00000000f5e80000,0x00000000f5e80000,0x00000000f8080000)
 ParOldGen       total 169472K, used 75213K [0x0000000080000000, 0x000000008a580000, 0x00000000d5580000)
  object space 169472K, 44% used [0x0000000080000000,0x00000000849736e0,0x000000008a580000)
 Metaspace       used 101052K, capacity 109246K, committed 109464K, reserved 1144832K
  class space    used 12846K, capacity 14147K, committed 14256K, reserved 1048576K
Event: 10337.173 GC heap after
Heap after GC invocations=39 (full 4):
 PSYoungGen      total 525824K, used 15282K [0x00000000d5580000, 0x00000000f8b00000, 0x0000000100000000)
  eden space 510464K, 0% used [0x00000000d5580000,0x00000000d5580000,0x00000000f4800000)
  from space 15360K, 99% used [0x00000000f5e80000,0x00000000f6d6ca68,0x00000000f6d80000)
  to   space 30208K, 0% used [0x00000000f6d80000,0x00000000f6d80000,0x00000000f8b00000)
 ParOldGen       total 169472K, used 75309K [0x0000000080000000, 0x000000008a580000, 0x00000000d5580000)
  object space 169472K, 44% used [0x0000000080000000,0x000000008498b6e0,0x000000008a580000)
 Metaspace       used 101052K, capacity 109246K, committed 109464K, reserved 1144832K
  class space    used 12846K, capacity 14147K, committed 14256K, reserved 1048576K
}
Event: 10673.145 GC heap before
{Heap before GC invocations=40 (full 4):
 PSYoungGen      total 525824K, used 525746K [0x00000000d5580000, 0x00000000f8b00000, 0x0000000100000000)
  eden space 510464K, 100% used [0x00000000d5580000,0x00000000f4800000,0x00000000f4800000)
  from space 15360K, 99% used [0x00000000f5e80000,0x00000000f6d6ca68,0x00000000f6d80000)
  to   space 30208K, 0% used [0x00000000f6d80000,0x00000000f6d80000,0x00000000f8b00000)
 ParOldGen       total 169472K, used 75309K [0x0000000080000000, 0x000000008a580000, 0x00000000d5580000)
  object space 169472K, 44% used [0x0000000080000000,0x000000008498b6e0,0x000000008a580000)
 Metaspace       used 101087K, capacity 109310K, committed 109464K, reserved 1144832K
  class space    used 12847K, capacity 14147K, committed 14256K, reserved 1048576K
Event: 10673.271 GC heap after
Heap after GC invocations=40 (full 4):
 PSYoungGen      total 497664K, used 4576K [0x00000000d5580000, 0x00000000f7680000, 0x0000000100000000)
  eden space 488448K, 0% used [0x00000000d5580000,0x00000000d5580000,0x00000000f3280000)
  from space 9216K, 49% used [0x00000000f6d80000,0x00000000f71f8030,0x00000000f7680000)
  to   space 34816K, 0% used [0x00000000f3280000,0x00000000f3280000,0x00000000f5480000)
 ParOldGen       total 169472K, used 75453K [0x0000000080000000, 0x000000008a580000, 0x00000000d5580000)
  object space 169472K, 44% used [0x0000000080000000,0x00000000849af6e0,0x000000008a580000)
 Metaspace       used 101087K, capacity 109310K, committed 109464K, reserved 1144832K
  class space    used 12847K, capacity 14147K, committed 14256K, reserved 1048576K
}
Event: 10680.847 GC heap before
{Heap before GC invocations=41 (full 4):
 PSYoungGen      total 497664K, used 493024K [0x00000000d5580000, 0x00000000f7680000, 0x0000000100000000)
  eden space 488448K, 100% used [0x00000000d5580000,0x00000000f3280000,0x00000000f3280000)
  from space 9216K, 49% used [0x00000000f6d80000,0x00000000f71f8030,0x00000000f7680000)
  to   space 34816K, 0% used [0x00000000f3280000,0x00000000f3280000,0x00000000f5480000)
 ParOldGen       total 169472K, used 75453K [0x0000000080000000, 0x000000008a580000, 0x00000000d5580000)
  object space 169472K, 44% used [0x0000000080000000,0x00000000849af6e0,0x000000008a580000)
 Metaspace       used 101258K, capacity 109448K, committed 109720K, reserved 1144832K
  class space    used 12854K, capacity 14148K, committed 14256K, reserved 1048576K
Event: 10680.966 GC heap after
Heap after GC invocations=41 (full 4):
 PSYoungGen      total 523264K, used 34811K [0x00000000d5580000, 0x00000000fc480000, 0x0000000100000000)
  eden space 488448K, 0% used [0x00000000d5580000,0x00000000d5580000,0x00000000f3280000)
  from space 34816K, 99% used [0x00000000f3280000,0x00000000f547ec18,0x00000000f5480000)
  to   space 67072K, 0% used [0x00000000f8300000,0x00000000f8300000,0x00000000fc480000)
 ParOldGen       total 169472K, used 149860K [0x0000000080000000, 0x000000008a580000, 0x00000000d5580000)
  object space 169472K, 88% used [0x0000000080000000,0x00000000892591f0,0x000000008a580000)
 Metaspace       used 101258K, capacity 109448K, committed 109720K, reserved 1144832K
  class space    used 12854K, capacity 14148K, committed 14256K, reserved 1048576K
}
Event: 10680.967 GC heap before
{Heap before GC invocations=42 (full 5):
 PSYoungGen      total 523264K, used 34811K [0x00000000d5580000, 0x00000000fc480000, 0x0000000100000000)
  eden space 488448K, 0% used [0x00000000d5580000,0x00000000d5580000,0x00000000f3280000)
  from space 34816K, 99% used [0x00000000f3280000,0x00000000f547ec18,0x00000000f5480000)
  to   space 67072K, 0% used [0x00000000f8300000,0x00000000f8300000,0x00000000fc480000)
 ParOldGen       total 169472K, used 149860K [0x0000000080000000, 0x000000008a580000, 0x00000000d5580000)
  object space 169472K, 88% used [0x0000000080000000,0x00000000892591f0,0x000000008a580000)
 Metaspace       used 101258K, capacity 109448K, committed 109720K, reserved 1144832K
  class space    used 12854K, capacity 14148K, committed 14256K, reserved 1048576K
Event: 10682.142 GC heap after
Heap after GC invocations=42 (full 5):
 PSYoungGen      total 523264K, used 0K [0x00000000d5580000, 0x00000000fc480000, 0x0000000100000000)
  eden space 488448K, 0% used [0x00000000d5580000,0x00000000d5580000,0x00000000f3280000)
  from space 34816K, 0% used [0x00000000f3280000,0x00000000f3280000,0x00000000f5480000)
  to   space 67072K, 0% used [0x00000000f8300000,0x00000000f8300000,0x00000000fc480000)
 ParOldGen       total 293376K, used 158641K [0x0000000080000000, 0x0000000091e80000, 0x00000000d5580000)
  object space 293376K, 54% used [0x0000000080000000,0x0000000089aec4c0,0x0000000091e80000)
 Metaspace       used 100862K, capacity 108792K, committed 109720K, reserved 1144832K
  class space    used 12789K, capacity 14026K, committed 14256K, reserved 1048576K
}

