# JRE version: OpenJDK Runtime Environment (8.0_242-b01) (build 1.8.0_242-release-1644-b01)
# Java VM: OpenJDK 64-Bit Server VM (25.242-b01 mixed mode windows-amd64 compressed oops)
Heap:
 PSYoungGen      total 505344K, used 287807K [0x00000000d5580000, 0x00000000ff900000, 0x0000000100000000)
  eden space 327168K, 84% used [0x00000000d5580000,0x00000000e6331db8,0x00000000e9500000)
  from space 178176K, 6% used [0x00000000f4b00000,0x00000000f565e030,0x00000000ff900000)
  to   space 182272K, 0% used [0x00000000e9500000,0x00000000e9500000,0x00000000f4700000)
 ParOldGen       total 464384K, used 251980K [0x0000000080000000, 0x000000009c580000, 0x00000000d5580000)
  object space 464384K, 54% used [0x0000000080000000,0x000000008f613048,0x000000009c580000)
 Metaspace       used 126159K, capacity 132756K, committed 133016K, reserved 1165312K
  class space    used 16338K, capacity 17497K, committed 17584K, reserved 1048576K
GC Heap History (10 events):
Event: 2056.194 GC heap before
{Heap before GC invocations=31 (full 6):
 PSYoungGen      total 480256K, used 397470K [0x00000000d5580000, 0x00000000ff400000, 0x0000000100000000)
  eden space 294400K, 100% used [0x00000000d5580000,0x00000000e7500000,0x00000000e7500000)
  from space 185856K, 55% used [0x00000000f3e80000,0x00000000fa327b10,0x00000000ff400000)
  to   space 196096K, 0% used [0x00000000e7500000,0x00000000e7500000,0x00000000f3480000)
 ParOldGen       total 339456K, used 163315K [0x0000000080000000, 0x0000000094b80000, 0x00000000d5580000)
  object space 339456K, 48% used [0x0000000080000000,0x0000000089f7cfa0,0x0000000094b80000)
 Metaspace       used 120706K, capacity 126858K, committed 127640K, reserved 1159168K
  class space    used 15891K, capacity 17006K, committed 17328K, reserved 1048576K
Event: 2056.402 GC heap after
Heap after GC invocations=31 (full 6):
 PSYoungGen      total 490496K, used 44378K [0x00000000d5580000, 0x00000000ffe00000, 0x0000000100000000)
  eden space 294400K, 0% used [0x00000000d5580000,0x00000000d5580000,0x00000000e7500000)
  from space 196096K, 22% used [0x00000000e7500000,0x00000000ea0568d8,0x00000000f3480000)
  to   space 189952K, 0% used [0x00000000f4480000,0x00000000f4480000,0x00000000ffe00000)
 ParOldGen       total 339456K, used 259905K [0x0000000080000000, 0x0000000094b80000, 0x00000000d5580000)
  object space 339456K, 76% used [0x0000000080000000,0x000000008fdd0788,0x0000000094b80000)
 Metaspace       used 120706K, capacity 126858K, committed 127640K, reserved 1159168K
  class space    used 15891K, capacity 17006K, committed 17328K, reserved 1048576K
}
Event: 2056.402 GC heap before
{Heap before GC invocations=32 (full 7):
 PSYoungGen      total 490496K, used 44378K [0x00000000d5580000, 0x00000000ffe00000, 0x0000000100000000)
  eden space 294400K, 0% used [0x00000000d5580000,0x00000000d5580000,0x00000000e7500000)
  from space 196096K, 22% used [0x00000000e7500000,0x00000000ea0568d8,0x00000000f3480000)
  to   space 189952K, 0% used [0x00000000f4480000,0x00000000f4480000,0x00000000ffe00000)
 ParOldGen       total 339456K, used 259905K [0x0000000080000000, 0x0000000094b80000, 0x00000000d5580000)
  object space 339456K, 76% used [0x0000000080000000,0x000000008fdd0788,0x0000000094b80000)
 Metaspace       used 120706K, capacity 126858K, committed 127640K, reserved 1159168K
  class space    used 15891K, capacity 17006K, committed 17328K, reserved 1048576K
Event: 2057.285 GC heap after
Heap after GC invocations=32 (full 7):
 PSYoungGen      total 490496K, used 0K [0x00000000d5580000, 0x00000000ffe00000, 0x0000000100000000)
  eden space 294400K, 0% used [0x00000000d5580000,0x00000000d5580000,0x00000000e7500000)
  from space 196096K, 0% used [0x00000000e7500000,0x00000000e7500000,0x00000000f3480000)
  to   space 189952K, 0% used [0x00000000f4480000,0x00000000f4480000,0x00000000ffe00000)
 ParOldGen       total 464384K, used 251956K [0x0000000080000000, 0x000000009c580000, 0x00000000d5580000)
  object space 464384K, 54% used [0x0000000080000000,0x000000008f60d048,0x000000009c580000)
 Metaspace       used 120627K, capacity 126620K, committed 127640K, reserved 1159168K
  class space    used 15865K, capacity 16961K, committed 17328K, reserved 1048576K
}
Event: 2181.863 GC heap before
{Heap before GC invocations=33 (full 7):
 PSYoungGen      total 490496K, used 294400K [0x00000000d5580000, 0x00000000ffe00000, 0x0000000100000000)
  eden space 294400K, 100% used [0x00000000d5580000,0x00000000e7500000,0x00000000e7500000)
  from space 196096K, 0% used [0x00000000e7500000,0x00000000e7500000,0x00000000f3480000)
  to   space 189952K, 0% used [0x00000000f4480000,0x00000000f4480000,0x00000000ffe00000)
 ParOldGen       total 464384K, used 251956K [0x0000000080000000, 0x000000009c580000, 0x00000000d5580000)
  object space 464384K, 54% used [0x0000000080000000,0x000000008f60d048,0x000000009c580000)
 Metaspace       used 124977K, capacity 131272K, committed 131736K, reserved 1163264K
  class space    used 16246K, capacity 17377K, committed 17584K, reserved 1048576K
Event: 2181.909 GC heap after
Heap after GC invocations=33 (full 7):
 PSYoungGen      total 491520K, used 29147K [0x00000000d5580000, 0x00000000ff300000, 0x0000000100000000)
  eden space 312832K, 0% used [0x00000000d5580000,0x00000000d5580000,0x00000000e8700000)
  from space 178688K, 16% used [0x00000000f4480000,0x00000000f60f6f08,0x00000000ff300000)
  to   space 186368K, 0% used [0x00000000e8700000,0x00000000e8700000,0x00000000f3d00000)
 ParOldGen       total 464384K, used 251964K [0x0000000080000000, 0x000000009c580000, 0x00000000d5580000)
  object space 464384K, 54% used [0x0000000080000000,0x000000008f60f048,0x000000009c580000)
 Metaspace       used 124977K, capacity 131272K, committed 131736K, reserved 1163264K
  class space    used 16246K, capacity 17377K, committed 17584K, reserved 1048576K
}
Event: 2495.334 GC heap before
{Heap before GC invocations=34 (full 7):
 PSYoungGen      total 491520K, used 341979K [0x00000000d5580000, 0x00000000ff300000, 0x0000000100000000)
  eden space 312832K, 100% used [0x00000000d5580000,0x00000000e8700000,0x00000000e8700000)
  from space 178688K, 16% used [0x00000000f4480000,0x00000000f60f6f08,0x00000000ff300000)
  to   space 186368K, 0% used [0x00000000e8700000,0x00000000e8700000,0x00000000f3d00000)
 ParOldGen       total 464384K, used 251964K [0x0000000080000000, 0x000000009c580000, 0x00000000d5580000)
  object space 464384K, 54% used [0x0000000080000000,0x000000008f60f048,0x000000009c580000)
 Metaspace       used 125322K, capacity 131790K, committed 132248K, reserved 1163264K
  class space    used 16268K, capacity 17416K, committed 17584K, reserved 1048576K
Event: 2495.372 GC heap after
Heap after GC invocations=34 (full 7):
 PSYoungGen      total 499200K, used 7450K [0x00000000d5580000, 0x0000000100000000, 0x0000000100000000)
  eden space 312832K, 0% used [0x00000000d5580000,0x00000000d5580000,0x00000000e8700000)
  from space 186368K, 3% used [0x00000000e8700000,0x00000000e8e46aa0,0x00000000f3d00000)
  to   space 185344K, 0% used [0x00000000f4b00000,0x00000000f4b00000,0x0000000100000000)
 ParOldGen       total 464384K, used 251972K [0x0000000080000000, 0x000000009c580000, 0x00000000d5580000)
  object space 464384K, 54% used [0x0000000080000000,0x000000008f611048,0x000000009c580000)
 Metaspace       used 125322K, capacity 131790K, committed 132248K, reserved 1163264K
  class space    used 16268K, capacity 17416K, committed 17584K, reserved 1048576K
}
Event: 2662.822 GC heap before
{Heap before GC invocations=35 (full 7):
 PSYoungGen      total 499200K, used 320282K [0x00000000d5580000, 0x0000000100000000, 0x0000000100000000)
  eden space 312832K, 100% used [0x00000000d5580000,0x00000000e8700000,0x00000000e8700000)
  from space 186368K, 3% used [0x00000000e8700000,0x00000000e8e46aa0,0x00000000f3d00000)
  to   space 185344K, 0% used [0x00000000f4b00000,0x00000000f4b00000,0x0000000100000000)
 ParOldGen       total 464384K, used 251972K [0x0000000080000000, 0x000000009c580000, 0x00000000d5580000)
  object space 464384K, 54% used [0x0000000080000000,0x000000008f611048,0x000000009c580000)
 Metaspace       used 125563K, capacity 132150K, committed 132504K, reserved 1165312K
  class space    used 16285K, capacity 17444K, committed 17584K, reserved 1048576K
Event: 2662.840 GC heap after
Heap after GC invocations=35 (full 7):
 PSYoungGen      total 505344K, used 11640K [0x00000000d5580000, 0x00000000ff900000, 0x0000000100000000)
  eden space 327168K, 0% used [0x00000000d5580000,0x00000000d5580000,0x00000000e9500000)
  from space 178176K, 6% used [0x00000000f4b00000,0x00000000f565e030,0x00000000ff900000)
  to   space 182272K, 0% used [0x00000000e9500000,0x00000000e9500000,0x00000000f4700000)
 ParOldGen       total 464384K, used 251980K [0x0000000080000000, 0x000000009c580000, 0x00000000d5580000)
  object space 464384K, 54% used [0x0000000080000000,0x000000008f613048,0x000000009c580000)
 Metaspace       used 125563K, capacity 132150K, committed 132504K, reserved 1165312K
  class space    used 16285K, capacity 17444K, committed 17584K, reserved 1048576K
}

